\BOOKMARK [0][-]{chapter.1}{Introduction}{}% 1
\BOOKMARK [1][-]{section.1.1}{Research Question}{chapter.1}% 2
\BOOKMARK [1][-]{section.1.2}{Previous Works}{chapter.1}% 3
\BOOKMARK [1][-]{section.1.3}{Similar Approaches}{chapter.1}% 4
\BOOKMARK [0][-]{chapter.2}{Experimental Set-up}{}% 5
\BOOKMARK [1][-]{section.2.1}{Phantoms}{chapter.2}% 6
\BOOKMARK [1][-]{section.2.2}{Robot Control And Set-up}{chapter.2}% 7
\BOOKMARK [1][-]{section.2.3}{Calibration}{chapter.2}% 8
\BOOKMARK [2][-]{subsection.2.3.1}{Z-Wire Ultrasound Calibration}{section.2.3}% 9
\BOOKMARK [0][-]{chapter.3}{Neural Networks}{}% 10
\BOOKMARK [1][-]{section.3.1}{Programming Language and IDE}{chapter.3}% 11
\BOOKMARK [1][-]{section.3.2}{Self-Organising Feature Maps}{chapter.3}% 12
\BOOKMARK [1][-]{section.3.3}{Implementation}{chapter.3}% 13
\BOOKMARK [0][-]{chapter.4}{Results}{}% 14
\BOOKMARK [1][-]{section.4.1}{Data Basis}{chapter.4}% 15
\BOOKMARK [1][-]{section.4.2}{Classification Results}{chapter.4}% 16
\BOOKMARK [0][-]{chapter.5}{Conclusion}{}% 17
\BOOKMARK [1][-]{section.5.1}{Quality Measurements}{chapter.5}% 18
\BOOKMARK [1][-]{section.5.2}{Computational Efficiency}{chapter.5}% 19
\BOOKMARK [1][-]{section.5.3}{Classification Quality}{chapter.5}% 20
\BOOKMARK [1][-]{section.5.4}{Further Application}{chapter.5}% 21
